<?xml version="1.0" encoding="UTF-8"?>
<!-- Generated by org.testng.reporters.JUnitReportReporter -->
<testsuite hostname="DESKTOP-R7MJ7VE" failures="0" tests="1" name="Autoproject.navigation" time="1.938" errors="0" timestamp="2021-09-21T13:44:53 IST" skipped="0">
  <testcase classname="Autoproject.navigation" name="homepagenavigate" time="1.938"/>
  <system-out/>
</testsuite> <!-- Autoproject.navigation -->
