<?xml version="1.0" encoding="UTF-8"?>
<!-- Generated by org.testng.reporters.JUnitReportReporter -->
<testsuite hostname="DESKTOP-R7MJ7VE" failures="0" tests="1" name="Autoproject.signup" time="2.181" errors="0" timestamp="2021-09-30T12:12:11 IST" skipped="0">
  <testcase classname="Autoproject.signup" name="signup" time="2.181"/>
  <system-out/>
</testsuite> <!-- Autoproject.signup -->
