<?xml version="1.0" encoding="UTF-8"?>
<!-- Generated by org.testng.reporters.JUnitReportReporter -->
<testsuite hostname="DESKTOP-R7MJ7VE" failures="0" tests="1" name="Autoproject.navigation" time="11.128" errors="0" timestamp="2021-09-16T16:44:56 IST" skipped="0">
  <testcase classname="Autoproject.navigation" name="homepagenavigate" time="11.128"/>
  <system-out/>
</testsuite> <!-- Autoproject.navigation -->
